0:0:0:0:0:0:0:1 - - [16/févr./2018:00:04:24 +0000] "GET //localhost:8080/ediWebMonitoring/domain/sgedirffiSelect.faces?_cid=1c1 HTTP/1.1" 200 10604 
0:0:0:0:0:0:0:1 - - [16/févr./2018:00:04:24 +0000] "GET //localhost:8080/ediWebMonitoring/javax.faces.resource/css/main.css.faces HTTP/1.1" 304 0 
0:0:0:0:0:0:0:1 - - [16/févr./2018:00:04:24 +0000] "GET //localhost:8080/ediWebMonitoring/javax.faces.resource/theme.css.faces?ln=primefaces-volt HTTP/1.1" 304 0 
0:0:0:0:0:0:0:1 - - [16/févr./2018:00:04:24 +0000] "GET //localhost:8080/ediWebMonitoring/javax.faces.resource/primefaces.js.faces?ln=primefaces&v=5.3 HTTP/1.1" 304 0 
0:0:0:0:0:0:0:1 - - [16/févr./2018:00:04:24 +0000] "GET //localhost:8080/ediWebMonitoring/javax.faces.resource/primefaces.css.faces?ln=primefaces&v=5.3 HTTP/1.1" 304 0 
0:0:0:0:0:0:0:1 - - [16/févr./2018:00:04:24 +0000] "GET //localhost:8080/ediWebMonitoring/javax.faces.resource/jquery/jquery.js.faces?ln=primefaces&v=5.3 HTTP/1.1" 304 0 
0:0:0:0:0:0:0:1 - - [16/févr./2018:00:04:24 +0000] "GET //localhost:8080/ediWebMonitoring/javax.faces.resource/jquery/jquery-plugins.js.faces?ln=primefaces&v=5.3 HTTP/1.1" 304 0 
0:0:0:0:0:0:0:1 - - [16/févr./2018:00:04:24 +0000] "GET //localhost:8080/ediWebMonitoring/javax.faces.resource/css/core-layout.css.faces?ln=volt-layout HTTP/1.1" 304 0 
0:0:0:0:0:0:0:1 - - [16/févr./2018:00:04:24 +0000] "GET //localhost:8080/ediWebMonitoring/javax.faces.resource/css/animate.css.faces?ln=volt-layout HTTP/1.1" 304 0 
0:0:0:0:0:0:0:1 - - [16/févr./2018:00:04:24 +0000] "GET //localhost:8080/ediWebMonitoring/javax.faces.resource/css/font-awesome.css.faces?ln=volt-layout HTTP/1.1" 304 0 
0:0:0:0:0:0:0:1 - - [16/févr./2018:00:04:24 +0000] "GET //localhost:8080/ediWebMonitoring/javax.faces.resource/css/volt-font.css.faces?ln=volt-layout HTTP/1.1" 304 0 
0:0:0:0:0:0:0:1 - - [16/févr./2018:00:04:24 +0000] "GET //localhost:8080/ediWebMonitoring/javax.faces.resource/css/volt-layout.css.faces?ln=volt-layout HTTP/1.1" 304 0 
0:0:0:0:0:0:0:1 - - [16/févr./2018:00:04:24 +0000] "GET //localhost:8080/ediWebMonitoring/javax.faces.resource/js/primefaces-locale.js.faces HTTP/1.1" 304 0 
0:0:0:0:0:0:0:1 - - [16/févr./2018:00:04:24 +0000] "GET //localhost:8080/ediWebMonitoring/javax.faces.resource/js/layout.js.faces?ln=volt-layout HTTP/1.1" 304 0 
0:0:0:0:0:0:0:1 - - [16/févr./2018:00:04:24 +0000] "GET //localhost:8080/ediWebMonitoring/javax.faces.resource/js/main.js.faces HTTP/1.1" 304 0 
0:0:0:0:0:0:0:1 - - [16/févr./2018:00:04:24 +0000] "GET //localhost:8080/ediWebMonitoring/javax.faces.resource/icons/ajaxloading.gif.faces HTTP/1.1" 304 0 
0:0:0:0:0:0:0:1 - - [16/févr./2018:00:04:24 +0000] "GET //localhost:8080/ediWebMonitoring/javax.faces.resource/fonts/Volt.ttf.faces?ln=volt-layout HTTP/1.1" 304 0 
0:0:0:0:0:0:0:1 - - [16/févr./2018:00:04:24 +0000] "GET //localhost:8080/ediWebMonitoring/javax.faces.resource/fonts/fontawesome-webfont.woff2.faces?ln=volt-layout&v=4.3.0 HTTP/1.1" 304 0 
0:0:0:0:0:0:0:1 - - [16/févr./2018:00:04:24 +0000] "GET //localhost:8080/ediWebMonitoring/javax.faces.resource/images/menu-dots.svg.faces?ln=primefaces-volt HTTP/1.1" 304 0 
0:0:0:0:0:0:0:1 - - [16/févr./2018:00:04:24 +0000] "GET //localhost:8080/ediWebMonitoring/javax.faces.resource/fonts/opensans-regular-webfont.woff2.faces?ln=primefaces-volt HTTP/1.1" 304 0 
0:0:0:0:0:0:0:1 - - [16/févr./2018:00:04:24 +0000] "GET //localhost:8080/ediWebMonitoring/javax.faces.resource/images/minus-sign-white.svg.faces?ln=primefaces-volt HTTP/1.1" 304 0 
0:0:0:0:0:0:0:1 - - [16/févr./2018:00:04:24 +0000] "GET //localhost:8080/ediWebMonitoring/javax.faces.resource/fonts/opensans-semibold-webfont.woff2.faces?ln=primefaces-volt HTTP/1.1" 304 0 
0:0:0:0:0:0:0:1 - - [16/févr./2018:00:04:24 +0000] "GET //localhost:8080/ediWebMonitoring/javax.faces.resource/images/rightarrow-navy.svg.faces?ln=primefaces-volt HTTP/1.1" 304 0 
0:0:0:0:0:0:0:1 - - [16/févr./2018:00:04:24 +0000] "GET //localhost:8080/ediWebMonitoring/javax.faces.resource/images/ui-icons_72b42d_256x240.png.faces?ln=primefaces-volt HTTP/1.1" 304 0 
0:0:0:0:0:0:0:1 - - [16/févr./2018:00:04:24 +0000] "GET //localhost:8080/ediWebMonitoring/javax.faces.resource/images/downarrow.svg.faces?ln=primefaces-volt HTTP/1.1" 304 0 
0:0:0:0:0:0:0:1 - - [16/févr./2018:00:04:24 +0000] "GET //localhost:8080/ediWebMonitoring/javax.faces.resource/images/delete-gray.svg.faces?ln=primefaces-volt HTTP/1.1" 304 0 
0:0:0:0:0:0:0:1 - - [16/févr./2018:00:04:24 +0000] "GET //localhost:8080/ediWebMonitoring/javax.faces.resource/icons/excel.png.faces HTTP/1.1" 304 0 
0:0:0:0:0:0:0:1 - - [16/févr./2018:00:04:24 +0000] "GET //localhost:8080/ediWebMonitoring/javax.faces.resource/icons/find.png.faces HTTP/1.1" 304 0 
0:0:0:0:0:0:0:1 - - [16/févr./2018:00:04:24 +0000] "GET //localhost:8080/ediWebMonitoring/javax.faces.resource/images/updown-navy-arrow.svg.faces?ln=primefaces-volt HTTP/1.1" 304 0 
0:0:0:0:0:0:0:1 - - [16/févr./2018:00:04:24 +0000] "GET //localhost:8080/ediWebMonitoring/javax.faces.resource/icons/eye.png.faces HTTP/1.1" 304 0 
0:0:0:0:0:0:0:1 - - [16/févr./2018:00:04:24 +0000] "GET //localhost:8080/ediWebMonitoring/javax.faces.resource/icons/pencil.png.faces HTTP/1.1" 304 0 
0:0:0:0:0:0:0:1 - - [16/févr./2018:00:04:24 +0000] "GET //localhost:8080/ediWebMonitoring/javax.faces.resource/icons/cross.png.faces HTTP/1.1" 304 0 
0:0:0:0:0:0:0:1 - - [16/févr./2018:00:04:24 +0000] "GET //localhost:8080/ediWebMonitoring/javax.faces.resource/images/left-one-arrow-for-data.svg.faces?ln=primefaces-volt HTTP/1.1" 304 0 
0:0:0:0:0:0:0:1 - - [16/févr./2018:00:04:24 +0000] "GET //localhost:8080/ediWebMonitoring/javax.faces.resource/images/left-double-arrow-for-data.svg.faces?ln=primefaces-volt HTTP/1.1" 304 0 
0:0:0:0:0:0:0:1 - - [16/févr./2018:00:04:24 +0000] "GET //localhost:8080/ediWebMonitoring/javax.faces.resource/images/right-one-arrow-for-data.svg.faces?ln=primefaces-volt HTTP/1.1" 304 0 
0:0:0:0:0:0:0:1 - - [16/févr./2018:00:04:24 +0000] "GET //localhost:8080/ediWebMonitoring/javax.faces.resource/images/right-double-arrow-for-data.svg.faces?ln=primefaces-volt HTTP/1.1" 304 0 
